# JRE version: OpenJDK Runtime Environment (25.0.1+8) (build 25.0.1+8-27)
# Java VM: OpenJDK 64-Bit Server VM (25.0.1+8-27, mixed mode, sharing, tiered, compressed oops, compressed class ptrs, g1 gc, windows-amd64)
GC Precious Log:
 CardTable entry size: 512
 Card Set container configuration: InlinePtr #cards 5 size 8 Array Of Cards #cards 10 size 36 Howl #buckets 4 coarsen threshold 1843 Howl Bitmap #cards 512 size 80 coarsen threshold 460 Card regions per heap region 1 cards per card region 2048
 CPUs: 12 total, 12 available
 Memory: 5989M
 Large Page Support: Disabled
 NUMA Support: Disabled
 Compressed Oops: Enabled (32-bit)
 Heap Region Size: 1M
 Heap Min Capacity: 8M
 Heap Initial Capacity: 94M
 Heap Max Capacity: 1498M
 Pre-touch: Disabled
 Parallel Workers: 10
 Concurrent Workers: 3
 Concurrent Refinement Workers: 10
 Periodic GC: Disabled
Heap:
 garbage-first heap   total reserved 1533952K, committed 113664K, used 56271K [0x00000000a2600000, 0x0000000100000000)
  region size 1024K, 15 young (15360K), 1 survivors (1024K)
GC Heap Usage History (16 events):
Event: 0.932 {heap Before GC invocations=0 (full 0):
 garbage-first heap   total reserved 1533952K, committed 98304K, used 49299K [0x00000000a2600000, 0x0000000100000000)
  region size 1024K, 47 young (48128K), 0 survivors (0K)
}
Event: 0.943 {heap After GC invocations=1 (full 0):
 garbage-first heap   total reserved 1533952K, committed 98304K, used 5907K [0x00000000a2600000, 0x0000000100000000)
  region size 1024K, 5 young (5120K), 5 survivors (5120K)
}
Event: 1.835 {heap Before GC invocations=1 (full 0):
 garbage-first heap   total reserved 1533952K, committed 98304K, used 47891K [0x00000000a2600000, 0x0000000100000000)
  region size 1024K, 46 young (47104K), 5 survivors (5120K)
}
Event: 1.850 {heap After GC invocations=2 (full 0):
 garbage-first heap   total reserved 1533952K, committed 98304K, used 11734K [0x00000000a2600000, 0x0000000100000000)
  region size 1024K, 6 young (6144K), 6 survivors (6144K)
}
Event: 2.524 {heap Before GC invocations=2 (full 0):
 garbage-first heap   total reserved 1533952K, committed 98304K, used 57814K [0x00000000a2600000, 0x0000000100000000)
  region size 1024K, 51 young (52224K), 6 survivors (6144K)
}
Event: 2.536 {heap After GC invocations=3 (full 0):
 garbage-first heap   total reserved 1533952K, committed 98304K, used 15507K [0x00000000a2600000, 0x0000000100000000)
  region size 1024K, 4 young (4096K), 4 survivors (4096K)
}
Event: 3.685 {heap Before GC invocations=3 (full 0):
 garbage-first heap   total reserved 1533952K, committed 98304K, used 65683K [0x00000000a2600000, 0x0000000100000000)
  region size 1024K, 53 young (54272K), 4 survivors (4096K)
}
Event: 3.692 {heap After GC invocations=4 (full 0):
 garbage-first heap   total reserved 1533952K, committed 98304K, used 17837K [0x00000000a2600000, 0x0000000100000000)
  region size 1024K, 3 young (3072K), 3 survivors (3072K)
}
Event: 4.255 {heap Before GC invocations=4 (full 0):
 garbage-first heap   total reserved 1533952K, committed 98304K, used 47533K [0x00000000a2600000, 0x0000000100000000)
  region size 1024K, 29 young (29696K), 3 survivors (3072K)
}
Event: 4.265 {heap After GC invocations=5 (full 0):
 garbage-first heap   total reserved 1533952K, committed 98304K, used 26210K [0x00000000a2600000, 0x0000000100000000)
  region size 1024K, 7 young (7168K), 7 survivors (7168K)
}
Event: 4.853 {heap Before GC invocations=6 (full 0):
 garbage-first heap   total reserved 1533952K, committed 92160K, used 73314K [0x00000000a2600000, 0x0000000100000000)
  region size 1024K, 53 young (54272K), 7 survivors (7168K)
}
Event: 4.874 {heap After GC invocations=7 (full 0):
 garbage-first heap   total reserved 1533952K, committed 94208K, used 36450K [0x00000000a2600000, 0x0000000100000000)
  region size 1024K, 7 young (7168K), 7 survivors (7168K)
}
Event: 5.313 {heap Before GC invocations=7 (full 0):
 garbage-first heap   total reserved 1533952K, committed 94208K, used 71266K [0x00000000a2600000, 0x0000000100000000)
  region size 1024K, 41 young (41984K), 7 survivors (7168K)
}
Event: 5.332 {heap After GC invocations=8 (full 0):
 garbage-first heap   total reserved 1533952K, committed 113664K, used 41935K [0x00000000a2600000, 0x0000000100000000)
  region size 1024K, 5 young (5120K), 5 survivors (5120K)
}
Event: 5.791 {heap Before GC invocations=8 (full 0):
 garbage-first heap   total reserved 1533952K, committed 113664K, used 86991K [0x00000000a2600000, 0x0000000100000000)
  region size 1024K, 50 young (51200K), 5 survivors (5120K)
}
Event: 5.798 {heap After GC invocations=9 (full 0):
 garbage-first heap   total reserved 1533952K, committed 113664K, used 42959K [0x00000000a2600000, 0x0000000100000000)
  region size 1024K, 1 young (1024K), 1 survivors (1024K)
}

